<?xml version="1.0" encoding="UTF-8"?>
<!-- Generated by org.testng.reporters.JUnitReportReporter -->
<testsuite skipped="0" hostname="qaplanet4" name="TestScripts.Tc1" tests="1" failures="0" timestamp="19 Feb 2018 08:17:56 GMT" time="14.750" errors="0">
  <testcase name="verifyorange" time="14.750" classname="TestScripts.Tc1"/>
</testsuite> <!-- TestScripts.Tc1 -->
