<?xml version="1.0" encoding="UTF-8"?>
<!-- Generated by org.testng.reporters.JUnitReportReporter -->
<testsuite hostname="qaplanet4" name="testngEx.Ex1" tests="4" failures="0" timestamp="30 Jan 2018 12:55:00 GMT" time="0.007" errors="0">
  <testcase name="method4" time="0.001" classname="testngEx.Ex1"/>
  <testcase name="method3" time="0.004" classname="testngEx.Ex1"/>
  <testcase name="method3" time="0.001" classname="testngEx.Ex1"/>
  <testcase name="method4" time="0.001" classname="testngEx.Ex1"/>
</testsuite> <!-- testngEx.Ex1 -->
