<?xml version="1.0" encoding="UTF-8"?>
<!-- Generated by org.testng.reporters.JUnitReportReporter -->
<testsuite hostname="qaplanet4" name="testngEx.Ex2" tests="1" failures="0" timestamp="30 Jan 2018 13:02:31 GMT" time="0.016" errors="0">
  <testcase name="method3" time="0.016" classname="testngEx.Ex2"/>
</testsuite> <!-- testngEx.Ex2 -->
